#! c:/iverilog/bin/vvp
:ivl_version "0.10.0 (devel)" "(s20130827)";
:ivl_delay_selection "TYPICAL";
:vpi_time_precision + 0;
:vpi_module "system";
:vpi_module "vhdl_sys";
:vpi_module "v2005_math";
:vpi_module "va_math";
S_00883478 .scope module, "cond_tester" "cond_tester" 2 1;
 .timescale 0 0;
    .port_info 0 /OUTPUT 1 "cond"
    .port_info 1 /INPUT 4 "cc"
    .port_info 2 /INPUT 4 "flag"
v00883548_0 .var "c", 0 0;
o01124004 .functor BUFZ 4, C4<zzzz>; HiZ drive
v0088E260_0 .net "cc", 3 0, o01124004;  0 drivers
v0088E2B8_0 .var "cond", 0 0;
o01124034 .functor BUFZ 4, C4<zzzz>; HiZ drive
v0088E310_0 .net "flag", 3 0, o01124034;  0 drivers
v0088E368_0 .var "n", 0 0;
v0088E3C0_0 .var "v", 0 0;
v0088E418_0 .var "z", 0 0;
E_0088A8D0 .event edge, v0088E310_0, v0088E260_0;
    .scope S_00883478;
T_0 ;
    %wait E_0088A8D0;
    %ix/load 1, 3, 0;
    %mov 4, 0, 1;
    %jmp/1 T_0.0, 4;
    %load/x1p 8, v0088E310_0, 1;
    %jmp T_0.1;
T_0.0 ;
    %mov 8, 2, 1;
T_0.1 ;
; Save base=8 wid=1 in lookaside.
    %set/v v0088E368_0, 8, 1;
    %ix/load 1, 2, 0;
    %mov 4, 0, 1;
    %jmp/1 T_0.2, 4;
    %load/x1p 8, v0088E310_0, 1;
    %jmp T_0.3;
T_0.2 ;
    %mov 8, 2, 1;
T_0.3 ;
; Save base=8 wid=1 in lookaside.
    %set/v v0088E418_0, 8, 1;
    %ix/load 1, 1, 0;
    %mov 4, 0, 1;
    %jmp/1 T_0.4, 4;
    %load/x1p 8, v0088E310_0, 1;
    %jmp T_0.5;
T_0.4 ;
    %mov 8, 2, 1;
T_0.5 ;
; Save base=8 wid=1 in lookaside.
    %set/v v00883548_0, 8, 1;
    %load/v 8, v0088E310_0, 1; Only need 1 of 4 bits
; Save base=8 wid=1 in lookaside.
    %set/v v0088E3C0_0, 8, 1;
    %load/v 8, v0088E260_0, 4;
    %pad 12, 0, 2;
    %cmpi/u 8, 0, 6;
    %jmp/1 T_0.6, 6;
    %cmpi/u 8, 1, 6;
    %jmp/1 T_0.7, 6;
    %cmpi/u 8, 2, 6;
    %jmp/1 T_0.8, 6;
    %cmpi/u 8, 3, 6;
    %jmp/1 T_0.9, 6;
    %cmpi/u 8, 4, 6;
    %jmp/1 T_0.10, 6;
    %cmpi/u 8, 5, 6;
    %jmp/1 T_0.11, 6;
    %cmpi/u 8, 6, 6;
    %jmp/1 T_0.12, 6;
    %cmpi/u 8, 7, 6;
    %jmp/1 T_0.13, 6;
    %cmpi/u 8, 8, 6;
    %jmp/1 T_0.14, 6;
    %cmpi/u 8, 9, 6;
    %jmp/1 T_0.15, 6;
    %cmpi/u 8, 10, 6;
    %jmp/1 T_0.16, 6;
    %cmpi/u 8, 11, 6;
    %jmp/1 T_0.17, 6;
    %cmpi/u 8, 12, 6;
    %jmp/1 T_0.18, 6;
    %cmpi/u 8, 13, 6;
    %jmp/1 T_0.19, 6;
    %cmpi/u 8, 14, 6;
    %jmp/1 T_0.20, 6;
    %jmp T_0.21;
T_0.6 ;
    %load/v 8, v0088E418_0, 1;
    %set/v v0088E2B8_0, 8, 1;
    %jmp T_0.21;
T_0.7 ;
    %load/v 8, v0088E418_0, 1;
    %inv 8, 1;
    %set/v v0088E2B8_0, 8, 1;
    %jmp T_0.21;
T_0.8 ;
    %load/v 8, v00883548_0, 1;
    %set/v v0088E2B8_0, 8, 1;
    %jmp T_0.21;
T_0.9 ;
    %load/v 8, v00883548_0, 1;
    %inv 8, 1;
    %set/v v0088E2B8_0, 8, 1;
    %jmp T_0.21;
T_0.10 ;
    %load/v 8, v0088E368_0, 1;
    %set/v v0088E2B8_0, 8, 1;
    %jmp T_0.21;
T_0.11 ;
    %load/v 8, v0088E368_0, 1;
    %inv 8, 1;
    %set/v v0088E2B8_0, 8, 1;
    %jmp T_0.21;
T_0.12 ;
    %load/v 8, v0088E3C0_0, 1;
    %set/v v0088E2B8_0, 8, 1;
    %jmp T_0.21;
T_0.13 ;
    %load/v 8, v0088E3C0_0, 1;
    %inv 8, 1;
    %set/v v0088E2B8_0, 8, 1;
    %jmp T_0.21;
T_0.14 ;
    %load/v 8, v00883548_0, 1;
    %pad 9, 0, 2;
    %cmpi/u 8, 1, 3;
    %mov 8, 4, 1;
    %load/v 9, v0088E418_0, 1;
    %pad 10, 0, 1;
    %cmpi/u 9, 0, 2;
    %mov 9, 4, 1;
    %and 8, 9, 1;
    %jmp/0  T_0.22, 8;
    %movi 9, 1, 2;
    %jmp/1  T_0.24, 8;
T_0.22 ; End of true expr.
    %jmp/0  T_0.23, 8;
 ; End of false expr.
    %blend  9, 0, 2; Condition unknown.
    %jmp  T_0.24;
T_0.23 ;
    %mov 9, 0, 2; Return false value
T_0.24 ;
    %set/v v0088E2B8_0, 9, 1;
    %jmp T_0.21;
T_0.15 ;
    %load/v 8, v00883548_0, 1;
    %pad 9, 0, 1;
    %cmpi/u 8, 0, 2;
    %mov 8, 4, 1;
    %load/v 9, v0088E418_0, 1;
    %pad 10, 0, 2;
    %cmpi/u 9, 1, 3;
    %or 8, 4, 1;
    %jmp/0  T_0.25, 8;
    %movi 9, 1, 2;
    %jmp/1  T_0.27, 8;
T_0.25 ; End of true expr.
    %jmp/0  T_0.26, 8;
 ; End of false expr.
    %blend  9, 0, 2; Condition unknown.
    %jmp  T_0.27;
T_0.26 ;
    %mov 9, 0, 2; Return false value
T_0.27 ;
    %set/v v0088E2B8_0, 9, 1;
    %jmp T_0.21;
T_0.16 ;
    %load/v 8, v0088E368_0, 1;
    %load/v 9, v0088E3C0_0, 1;
    %cmp/u 8, 9, 1;
    %mov 8, 4, 1;
    %jmp/0  T_0.28, 8;
    %movi 9, 1, 2;
    %jmp/1  T_0.30, 8;
T_0.28 ; End of true expr.
    %jmp/0  T_0.29, 8;
 ; End of false expr.
    %blend  9, 0, 2; Condition unknown.
    %jmp  T_0.30;
T_0.29 ;
    %mov 9, 0, 2; Return false value
T_0.30 ;
    %set/v v0088E2B8_0, 9, 1;
    %jmp T_0.21;
T_0.17 ;
    %load/v 8, v0088E368_0, 1;
    %load/v 9, v0088E3C0_0, 1;
    %cmp/u 8, 9, 1;
    %inv 4, 1;
    %mov 8, 4, 1;
    %jmp/0  T_0.31, 8;
    %movi 9, 1, 2;
    %jmp/1  T_0.33, 8;
T_0.31 ; End of true expr.
    %jmp/0  T_0.32, 8;
 ; End of false expr.
    %blend  9, 0, 2; Condition unknown.
    %jmp  T_0.33;
T_0.32 ;
    %mov 9, 0, 2; Return false value
T_0.33 ;
    %set/v v0088E2B8_0, 9, 1;
    %jmp T_0.21;
T_0.18 ;
    %load/v 8, v0088E418_0, 1;
    %pad 9, 0, 1;
    %cmpi/u 8, 0, 2;
    %mov 8, 4, 1;
    %load/v 9, v0088E368_0, 1;
    %load/v 10, v0088E3C0_0, 1;
    %cmp/u 9, 10, 1;
    %mov 9, 4, 1;
    %and 8, 9, 1;
    %jmp/0  T_0.34, 8;
    %movi 9, 1, 2;
    %jmp/1  T_0.36, 8;
T_0.34 ; End of true expr.
    %jmp/0  T_0.35, 8;
 ; End of false expr.
    %blend  9, 0, 2; Condition unknown.
    %jmp  T_0.36;
T_0.35 ;
    %mov 9, 0, 2; Return false value
T_0.36 ;
    %set/v v0088E2B8_0, 9, 1;
    %jmp T_0.21;
T_0.19 ;
    %load/v 8, v0088E418_0, 1;
    %pad 9, 0, 2;
    %cmpi/u 8, 1, 3;
    %mov 8, 4, 1;
    %load/v 9, v0088E368_0, 1;
    %load/v 10, v0088E3C0_0, 1;
    %cmp/u 9, 10, 1;
    %inv 4, 1;
    %or 8, 4, 1;
    %jmp/0  T_0.37, 8;
    %movi 9, 1, 2;
    %jmp/1  T_0.39, 8;
T_0.37 ; End of true expr.
    %jmp/0  T_0.38, 8;
 ; End of false expr.
    %blend  9, 0, 2; Condition unknown.
    %jmp  T_0.39;
T_0.38 ;
    %mov 9, 0, 2; Return false value
T_0.39 ;
    %set/v v0088E2B8_0, 9, 1;
    %jmp T_0.21;
T_0.20 ;
    %set/v v0088E2B8_0, 1, 1;
    %jmp T_0.21;
T_0.21 ;
    %jmp T_0;
    .thread T_0, $push;
# The file index is used to find the file name in the following table.
:file_names 3;
    "N/A";
    "<interactive>";
    "conditionTester.v";
